<?xml version="1.0" encoding="UTF-8"?>
<!-- Generated by org.testng.reporters.JUnitReportReporter -->
<testsuite hostname="LAPTOP-G8MSN2DQ" failures="0" tests="1" name="com.GetCalley.TestCases.SignUpTest" time="10.487" errors="0" timestamp="2021-09-01T17:33:26 IST" skipped="0">
  <testcase classname="com.GetCalley.TestCases.SignUpTest" name="signUpUser" time="10.487"/>
  <system-out/>
</testsuite> <!-- com.GetCalley.TestCases.SignUpTest -->
